proguard/seeds.txt
com.trip.expensemanager.AllDetailsActivity
com.trip.expensemanager.AllDetailsActivity: AllDetailsActivity()
com.trip.expensemanager.ConnectivityChangeListener
com.trip.expensemanager.ConnectivityChangeListener: ConnectivityChangeListener()
com.trip.expensemanager.ExpenseActivity
com.trip.expensemanager.ExpenseActivity: ExpenseActivity()
com.trip.expensemanager.GcmBroadcastReceiver
com.trip.expensemanager.GcmBroadcastReceiver: GcmBroadcastReceiver()
com.trip.expensemanager.ProcessingActivity
com.trip.expensemanager.ProcessingActivity: ProcessingActivity()
com.trip.expensemanager.R$anim: int abc_fade_in
com.trip.expensemanager.R$anim: int abc_fade_out
com.trip.expensemanager.R$anim: int abc_slide_in_bottom
com.trip.expensemanager.R$anim: int abc_slide_in_top
com.trip.expensemanager.R$anim: int abc_slide_out_bottom
com.trip.expensemanager.R$anim: int abc_slide_out_top
com.trip.expensemanager.R$anim: int cycle
com.trip.expensemanager.R$anim: int down_from_top
com.trip.expensemanager.R$anim: int down_n_bounce
com.trip.expensemanager.R$anim: int down_n_go
com.trip.expensemanager.R$anim: int down_n_hide
com.trip.expensemanager.R$anim: int no_anim
com.trip.expensemanager.R$anim: int rotate_anim
com.trip.expensemanager.R$anim: int shake
com.trip.expensemanager.R$anim: int up_from_bottom
com.trip.expensemanager.R$anim: int up_n_show
com.trip.expensemanager.R$array: int menu_expense_list
com.trip.expensemanager.R$array: int menu_people_list
com.trip.expensemanager.R$array: int menu_trip_list
com.trip.expensemanager.R$array: int menu_trip_list_admin
com.trip.expensemanager.R$attr: int actionBarDivider
com.trip.expensemanager.R$attr: int actionBarItemBackground
com.trip.expensemanager.R$attr: int actionBarPopupTheme
com.trip.expensemanager.R$attr: int actionBarSize
com.trip.expensemanager.R$attr: int actionBarSplitStyle
com.trip.expensemanager.R$attr: int actionBarStyle
com.trip.expensemanager.R$attr: int actionBarTabBarStyle
com.trip.expensemanager.R$attr: int actionBarTabStyle
com.trip.expensemanager.R$attr: int actionBarTabTextStyle
com.trip.expensemanager.R$attr: int actionBarTheme
com.trip.expensemanager.R$attr: int actionBarWidgetTheme
com.trip.expensemanager.R$attr: int actionButtonStyle
com.trip.expensemanager.R$attr: int actionDropDownStyle
com.trip.expensemanager.R$attr: int actionLayout
com.trip.expensemanager.R$attr: int actionMenuTextAppearance
com.trip.expensemanager.R$attr: int actionMenuTextColor
com.trip.expensemanager.R$attr: int actionModeBackground
com.trip.expensemanager.R$attr: int actionModeCloseButtonStyle
com.trip.expensemanager.R$attr: int actionModeCloseDrawable
com.trip.expensemanager.R$attr: int actionModeCopyDrawable
com.trip.expensemanager.R$attr: int actionModeCutDrawable
com.trip.expensemanager.R$attr: int actionModeFindDrawable
com.trip.expensemanager.R$attr: int actionModePasteDrawable
com.trip.expensemanager.R$attr: int actionModePopupWindowStyle
com.trip.expensemanager.R$attr: int actionModeSelectAllDrawable
com.trip.expensemanager.R$bool: int abc_action_bar_embed_tabs
com.trip.expensemanager.R$bool: int abc_action_bar_embed_tabs_pre_jb
com.trip.expensemanager.R$bool: int abc_action_bar_expanded_action_views_exclusive
com.trip.expensemanager.R$bool: int abc_config_actionMenuItemAllCaps
com.trip.expensemanager.R$bool: int abc_config_allowActionMenuItemTextWithIcon
com.trip.expensemanager.R$bool: int abc_config_showMenuShortcutsWhenKeyboardPresent
...
com.google.android.gms.location.GeofencingRequest
com.google.android.gms.location.GeofencingRequest: android.os.Parcelable$Creator CREATOR
com.google.android.gms.location.LocationRequest
com.google.android.gms.location.LocationRequest: com.google.android.gms.location.d CREATOR
com.google.android.gms.location.e
com.google.android.gms.location.e: com.google.android.gms.location.f CREATOR
com.google.android.gms.maps.GoogleMapOptions
com.google.android.gms.maps.GoogleMapOptions: com.google.android.gms.maps.a CREATOR
com.google.android.gms.maps.MapView: com.google.android.gms.maps.GoogleMap getMap()
com.google.android.gms.maps.StreetViewPanoramaOptions
com.google.android.gms.maps.StreetViewPanoramaOptions: com.google.android.gms.maps.c CREATOR
com.google.android.gms.maps.StreetViewPanoramaView: com.google.android.gms.maps.StreetViewPanorama getStreetViewPanorama()
com.google.android.gms.maps.internal.y
com.google.android.gms.maps.internal.y: com.google.android.gms.maps.internal.z CREATOR
com.google.android.gms.maps.model.CameraPosition
com.google.android.gms.maps.model.CameraPosition: com.google.android.gms.maps.model.a CREATOR
com.google.android.gms.maps.model.CircleOptions
com.google.android.gms.maps.model.CircleOptions: com.google.android.gms.maps.model.c CREATOR
com.google.android.gms.maps.model.GroundOverlayOptions
com.google.android.gms.maps.model.GroundOverlayOptions: com.google.android.gms.maps.model.e CREATOR
com.google.android.gms.maps.model.LatLng
com.google.android.gms.maps.model.LatLng: com.google.android.gms.maps.model.i CREATOR
com.google.android.gms.maps.model.LatLngBounds
com.google.android.gms.maps.model.LatLngBounds: com.google.android.gms.maps.model.g CREATOR
com.google.android.gms.maps.model.MarkerOptions
com.google.android.gms.maps.model.MarkerOptions: com.google.android.gms.maps.model.k CREATOR
com.google.android.gms.maps.model.PolygonOptions
com.google.android.gms.maps.model.PolygonOptions: com.google.android.gms.maps.model.m CREATOR
com.google.android.gms.maps.model.PolylineOptions
com.google.android.gms.maps.model.PolylineOptions: com.google.android.gms.maps.model.o CREATOR
com.google.android.gms.maps.model.StreetViewPanoramaCamera
com.google.android.gms.maps.model.StreetViewPanoramaCamera: com.google.android.gms.maps.model.q CREATOR
com.google.android.gms.maps.model.StreetViewPanoramaLink
com.google.android.gms.maps.model.StreetViewPanoramaLink: com.google.android.gms.maps.model.r CREATOR
com.google.android.gms.maps.model.StreetViewPanoramaLocation
com.google.android.gms.maps.model.StreetViewPanoramaLocation: com.google.android.gms.maps.model.s CREATOR
com.google.android.gms.maps.model.StreetViewPanoramaOrientation
com.google.android.gms.maps.model.StreetViewPanoramaOrientation: com.google.android.gms.maps.model.t CREATOR
com.google.android.gms.maps.model.Tile
com.google.android.gms.maps.model.Tile: com.google.android.gms.maps.model.u CREATOR
com.google.android.gms.maps.model.TileOverlayOptions
com.google.android.gms.maps.model.TileOverlayOptions: com.google.android.gms.maps.model.w CREATOR
com.google.android.gms.maps.model.VisibleRegion
com.google.android.gms.maps.model.VisibleRegion: com.google.android.gms.maps.model.y CREATOR
com.google.android.gms.maps.model.internal.a
com.google.android.gms.maps.model.internal.a: com.google.android.gms.maps.model.internal.b CREATOR
com.google.android.gms.maps.model.internal.c
com.google.android.gms.maps.model.internal.c: com.google.android.gms.maps.model.internal.d CREATOR
com.google.android.gms.maps.model.internal.e
com.google.android.gms.maps.model.internal.e: com.google.android.gms.maps.model.internal.f CREATOR
com.google.android.gms.maps.model.internal.p
com.google.android.gms.maps.model.internal.p: com.google.android.gms.maps.model.internal.q CREATOR