proguard/mapping.txt
com.trip.expensemanager.AllDetailsActivity -> com.trip.expensemanager.AllDetailsActivity:
    void onCreate(android.os.Bundle) -> onCreate
    void onBackPressed() -> onBackPressed
    boolean onOptionsItemSelected(android.view.MenuItem) -> onOptionsItemSelected
com.trip.expensemanager.CloudEndpointUtils -> com.trip.expensemanager.a:
    com.google.api.client.googleapis.services.AbstractGoogleClient$Builder updateBuilder(com.google.api.client.googleapis.services.AbstractGoogleClient$Builder) -> a
com.trip.expensemanager.CloudEndpointUtils$1 -> com.trip.expensemanager.b:
    boolean val$enableGZip -> a
    void initialize(com.google.api.client.googleapis.services.AbstractGoogleClientRequest) -> a
com.trip.expensemanager.ConnectivityChangeListener -> com.trip.expensemanager.ConnectivityChangeListener:
    void onReceive(android.content.Context,android.content.Intent) -> onReceive
com.trip.expensemanager.ExpenseActivity -> com.trip.expensemanager.ExpenseActivity:
    void onCreate(android.os.Bundle) -> onCreate
    void onActivityResult(int,int,android.content.Intent) -> onActivityResult
    void onBackPressed() -> onBackPressed
com.trip.expensemanager.GcmBroadcastReceiver -> com.trip.expensemanager.GcmBroadcastReceiver:
    void onReceive(android.content.Context,android.content.Intent) -> onReceive
com.trip.expensemanager.ProcessingActivity -> com.trip.expensemanager.ProcessingActivity:
    com.trip.expensemanager.ProcessingActivity$ProcessTask pt -> d
    android.widget.ImageView anim -> e
    android.content.Intent returnIntent -> a
    android.content.Intent intent -> b
    int iOpcode -> f
    java.lang.String strRegID -> g
    java.lang.Long lngUserId -> c
    com.google.android.gms.gcm.GoogleCloudMessaging gcm -> h
    char[] hexArray -> i
    void onCreate(android.os.Bundle) -> onCreate
    void onWindowFocusChanged(boolean) -> onWindowFocusChanged
    void onStart() -> onStart
    boolean registerForGCM() -> b
    boolean checkPlayServices() -> c
    void onBackPressed() -> onBackPressed
    void onDestroy() -> onDestroy
    java.lang.String getDeviceName() -> a
    java.lang.String sha1Hash(java.lang.String) -> a
    java.lang.String bytesToHex(byte[]) -> a
    boolean isConnected() -> d
    int access$0(com.trip.expensemanager.ProcessingActivity) -> a
    boolean access$1(com.trip.expensemanager.ProcessingActivity) -> b
    java.lang.String access$2(com.trip.expensemanager.ProcessingActivity,java.lang.String) -> a
    java.lang.String access$3(com.trip.expensemanager.ProcessingActivity) -> c
com.trip.expensemanager.ProcessingActivity$ProcessTask -> com.trip.expensemanager.c:
    com.trip.expensemanager.ProcessingActivity this$0 -> a
    void onPreExecute() -> onPreExecute
    java.lang.String doInBackground(java.lang.String[]) -> a
    void onPostExecute(java.lang.String) -> a
    java.lang.String registerUser() -> a
    java.lang.String logUserIn() -> b
    void onPostExecute(java.lang.Object) -> onPostExecute
    java.lang.Object doInBackground(java.lang.Object[]) -> doInBackground
com.trip.expensemanager.SyncIntentService -> com.trip.expensemanager.SyncIntentService:
    long lngUserId -> a
    android.app.NotificationManager mNotificationManager -> b
    android.support.v4.content.LocalBroadcastManager broadcaster -> c
    void onCreate() -> onCreate
    void onHandleIntent(android.content.Intent) -> onHandleIntent
    void sendResult() -> a
    void onDestroy() -> onDestroy
    void syncAllSettledDistributions() -> b
    void syncOthers() -> c
    void sendNotification(java.lang.String,java.lang.String,java.lang.String,android.content.Intent,int,java.lang.String,long) -> a
    void syncAllTrips() -> d
    void syncAllExpenses() -> e
...
com.google.android.gms.internal.ig -> com.google.android.gms.internal.nj:
    com.google.android.gms.internal.if t(android.os.Parcel) -> a
    com.google.android.gms.internal.if[] U(int) -> a
    void a(com.google.android.gms.internal.if,android.os.Parcel,int) -> a
    java.lang.Object[] newArray(int) -> newArray
    java.lang.Object createFromParcel(android.os.Parcel) -> createFromParcel
com.google.android.gms.internal.ij -> com.google.android.gms.internal.ij:
    android.os.Parcelable$Creator CREATOR -> CREATOR
    int CK -> a
    java.lang.String Hd -> b
    int getVersionCode() -> a
    java.lang.String fT() -> b
    int describeContents() -> describeContents
    void writeToParcel(android.os.Parcel,int) -> writeToParcel
    boolean equals(java.lang.Object) -> equals
    int hashCode() -> hashCode
com.google.android.gms.internal.ik -> com.google.android.gms.internal.nk:
    com.google.android.gms.internal.ij x(android.os.Parcel) -> a
    com.google.android.gms.internal.ij[] ac(int) -> a
    void a(com.google.android.gms.internal.ij,android.os.Parcel,int) -> a
    java.lang.Object[] newArray(int) -> newArray
    java.lang.Object createFromParcel(android.os.Parcel) -> createFromParcel
com.google.android.gms.internal.in -> com.google.android.gms.internal.nm:
    boolean a(java.lang.Object,java.lang.Object) -> a
    java.lang.String b(java.util.Locale) -> a
com.google.android.gms.internal.io -> com.google.android.gms.internal.io:
    android.os.Parcelable$Creator CREATOR -> CREATOR
    int CK -> a
    double Gp -> b
    boolean Gq -> c
    int Hr -> d
    com.google.android.gms.cast.ApplicationMetadata HD -> e
    int Hs -> f
    int getVersionCode() -> a
    double fZ() -> b
    boolean gi() -> c
    int gj() -> d
    int gk() -> e
    com.google.android.gms.cast.ApplicationMetadata getApplicationMetadata() -> f
    int describeContents() -> describeContents
    void writeToParcel(android.os.Parcel,int) -> writeToParcel
    boolean equals(java.lang.Object) -> equals
    int hashCode() -> hashCode
com.google.android.gms.internal.ip -> com.google.android.gms.internal.no:
    com.google.android.gms.internal.io y(android.os.Parcel) -> a
    com.google.android.gms.internal.io[] ai(int) -> a
    void a(com.google.android.gms.internal.io,android.os.Parcel,int) -> a
    java.lang.Object[] newArray(int) -> newArray
    java.lang.Object createFromParcel(android.os.Parcel) -> createFromParcel
com.google.android.gms.internal.iy -> com.google.android.gms.internal.np:
    java.lang.Object mH -> c
    com.google.android.gms.internal.iy$a KO -> d
    java.lang.String KP -> a
    java.lang.Object KQ -> b
    java.lang.Object KR -> e
    void H(android.content.Context) -> a
    java.lang.String getKey() -> a
    com.google.android.gms.internal.iy h(java.lang.String,boolean) -> a
    com.google.android.gms.internal.iy a(java.lang.String,java.lang.Integer) -> a
    com.google.android.gms.internal.iy l(java.lang.String,java.lang.String) -> a
com.google.android.gms.internal.iy$1 -> com.google.android.gms.internal.nr:
com.google.android.gms.internal.iy$2 -> com.google.android.gms.internal.nt:
com.google.android.gms.internal.iy$3 -> com.google.android.gms.internal.nv:
com.google.android.gms.internal.iy$a -> com.google.android.gms.internal.nx:
com.google.android.gms.internal.iy$b -> com.google.android.gms.internal.nz:
    android.content.ContentResolver mContentResolver -> a