proguard/usage.txt
com.trip.expensemanager.BuildConfig
com.trip.expensemanager.CloudEndpointUtils:
    protected static final boolean LOCAL_ANDROID_RUN
    protected static final java.lang.String LOCAL_APP_ENGINE_SERVER_URL
    protected static final java.lang.String LOCAL_APP_ENGINE_SERVER_URL_FOR_ANDROID
    26:26:public CloudEndpointUtils()
    93:95:public static void logAndShow(android.app.Activity,java.lang.String,java.lang.String)
    109:121:public static void logAndShow(android.app.Activity,java.lang.String,java.lang.Throwable)
    132:140:public static void showError(android.app.Activity,java.lang.String)
com.trip.expensemanager.CloudEndpointUtils$2
com.trip.expensemanager.Manifest
com.trip.expensemanager.Manifest$permission
com.trip.expensemanager.ProcessingActivity:
    private static final int PLAY_SERVICES_RESOLUTION_REQUEST
    public static final java.lang.String PROJECT_NUMBER
com.trip.expensemanager.R
com.trip.expensemanager.R$anim
com.trip.expensemanager.R$array
com.trip.expensemanager.R$attr
com.trip.expensemanager.R$bool
com.trip.expensemanager.R$color
com.trip.expensemanager.R$dimen
com.trip.expensemanager.R$drawable
com.trip.expensemanager.R$id
com.trip.expensemanager.R$integer
com.trip.expensemanager.R$layout
com.trip.expensemanager.R$menu
com.trip.expensemanager.R$raw
com.trip.expensemanager.R$string
com.trip.expensemanager.R$style
com.trip.expensemanager.R$styleable
com.trip.expensemanager.SyncIntentService:
    public static final java.lang.String RESULT
com.trip.expensemanager.deviceinfoendpoint.Deviceinfoendpoint:
    public static final java.lang.String DEFAULT_ROOT_URL
    public static final java.lang.String DEFAULT_SERVICE_PATH
    public static final java.lang.String DEFAULT_BASE_URL
    104:105:public Deviceinfoendpoint(com.google.api.client.http.HttpTransport,com.google.api.client.json.JsonFactory,com.google.api.client.http.HttpRequestInitializer)
    130:132:public com.trip.expensemanager.deviceinfoendpoint.Deviceinfoendpoint$GetDeviceInfo getDeviceInfo(java.lang.Long)
    440:442:public com.trip.expensemanager.deviceinfoendpoint.Deviceinfoendpoint$RemoveDeviceInfo removeDeviceInfo(java.lang.Long)
    533:535:public com.trip.expensemanager.deviceinfoendpoint.Deviceinfoendpoint$UpdateDeviceInfo updateDeviceInfo(com.trip.expensemanager.deviceinfoendpoint.model.DeviceInfo)
com.trip.expensemanager.deviceinfoendpoint.Deviceinfoendpoint$Builder:
    661:661:public com.trip.expensemanager.deviceinfoendpoint.Deviceinfoendpoint$Builder setHttpRequestInitializer(com.google.api.client.http.HttpRequestInitializer)
    666:666:public com.trip.expensemanager.deviceinfoendpoint.Deviceinfoendpoint$Builder setApplicationName(java.lang.String)
    671:671:public com.trip.expensemanager.deviceinfoendpoint.Deviceinfoendpoint$Builder setSuppressPatternChecks(boolean)
    676:676:public com.trip.expensemanager.deviceinfoendpoint.Deviceinfoendpoint$Builder setSuppressRequiredParameterChecks(boolean)
    681:681:public com.trip.expensemanager.deviceinfoendpoint.Deviceinfoendpoint$Builder setSuppressAllChecks(boolean)
    691:691:public com.trip.expensemanager.deviceinfoendpoint.Deviceinfoendpoint$Builder setDeviceinfoendpointRequestInitializer(com.trip.expensemanager.deviceinfoendpoint.DeviceinfoendpointRequestInitializer)
    1:1:public bridge synthetic com.google.api.client.googleapis.services.json.AbstractGoogleJsonClient$Builder setApplicationName(java.lang.String)
    1:1:public bridge synthetic com.google.api.client.googleapis.services.json.AbstractGoogleJsonClient$Builder setHttpRequestInitializer(com.google.api.client.http.HttpRequestInitializer)
    1:1:public bridge synthetic com.google.api.client.googleapis.services.json.AbstractGoogleJsonClient build()
com.trip.expensemanager.deviceinfoendpoint.Deviceinfoendpoint$GetDeviceInfo
...
com.google.android.gms.internal.my$a$a
com.google.android.gms.internal.mz
com.google.android.gms.internal.na
com.google.android.gms.internal.nb
com.google.android.gms.internal.nb$1
com.google.android.gms.internal.nb$2
com.google.android.gms.internal.nb$a
com.google.android.gms.internal.nc
com.google.android.gms.internal.nc$1
com.google.android.gms.internal.nf
com.google.android.gms.internal.nf$1
com.google.android.gms.internal.nf$2
com.google.android.gms.internal.nf$3
com.google.android.gms.internal.nf$4
com.google.android.gms.internal.nf$5
com.google.android.gms.internal.nf$6
com.google.android.gms.internal.nf$7
com.google.android.gms.internal.nf$a
com.google.android.gms.internal.ng
com.google.android.gms.internal.ng$1
com.google.android.gms.internal.ng$1$1
com.google.android.gms.internal.ng$2
com.google.android.gms.internal.ng$2$1
com.google.android.gms.internal.ng$3
com.google.android.gms.internal.ng$3$1
com.google.android.gms.internal.ng$a
com.google.android.gms.internal.nh
com.google.android.gms.internal.nh$a
com.google.android.gms.internal.nh$a$a
com.google.android.gms.internal.ni
com.google.android.gms.internal.ni$a
com.google.android.gms.internal.ni$a$a
com.google.android.gms.internal.nj
com.google.android.gms.internal.nj$a
com.google.android.gms.internal.nj$b
com.google.android.gms.internal.nk
com.google.android.gms.internal.nk$a
com.google.android.gms.internal.nk$b
com.google.android.gms.internal.nk$c
com.google.android.gms.internal.nn:
    public nn(java.lang.String,int,short,double,double,float,long,int,int)
    public static com.google.android.gms.internal.nn h(byte[])
com.google.android.gms.internal.np
com.google.android.gms.internal.og
com.google.android.gms.internal.og$a
com.google.android.gms.internal.og$a$a
com.google.android.gms.internal.oj
com.google.android.gms.internal.oj$a
com.google.android.gms.internal.oj$a$a
com.google.android.gms.internal.ok
com.google.android.gms.internal.ok$a
com.google.android.gms.internal.ok$a$a
com.google.android.gms.internal.ol
com.google.android.gms.internal.ol$1
com.google.android.gms.internal.ol$2
com.google.android.gms.internal.ol$3
com.google.android.gms.internal.ol$a
com.google.android.gms.internal.ol$b
com.google.android.gms.internal.ol$c
com.google.android.gms.internal.om
com.google.android.gms.internal.on
com.google.android.gms.internal.oo
com.google.android.gms.internal.op
com.google.android.gms.internal.op$a
com.google.android.gms.internal.oq
com.google.android.gms.internal.oq$a
com.google.android.gms.internal.oq$a$a
com.google.android.gms.internal.or:
    public varargs or(long,java.lang.String,byte[],java.lang.String[])
    private static varargs android.os.Bundle g(java.lang.String[])
com.google.android.gms.internal.os
com.google.android.gms.internal.os$1
com.google.android.gms.internal.os$a
com.google.android.gms.internal.ou
com.google.android.gms.internal.ov:
    public ov(java.lang.String,int,int,java.lang.String,java.lang.String,boolean)
com.google.android.gms.internal.ox
com.google.android.gms.internal.oy
com.google.android.gms.internal.oy$1
com.google.android.gms.internal.oy$a
com.google.android.gms.internal.oz
com.google.android.gms.internal.pa
com.google.android.gms.internal.pb
com.google.android.gms.internal.pb$1
com.google.android.gms.internal.pb$2
com.google.android.gms.internal.pb$3
com.google.android.gms.internal.pb$4
com.google.android.gms.internal.pb$a
com.google.android.gms.internal.pb$a$1
com.google.android.gms.internal.pb$b
com.google.android.gms.internal.pb$c
com.google.android.gms.internal.pc
com.google.android.gms.internal.pc$1
com.google.android.gms.internal.pc$2
com.google.android.gms.internal.pc$3
com.google.android.gms.internal.pc$4
com.google.android.gms.internal.pc$5
com.google.android.gms.internal.pc$a
com.google.android.gms.internal.pc$a$1